TN:
SF:src/services/RaceChampionService.ts
FN:3,fetchRaceChampions
FN:18,mapToRaceChampions
FN:24,(anonymous_2)
FNF:3
FNH:3
FNDA:1,fetchRaceChampions
FNDA:1,mapToRaceChampions
FNDA:2,(anonymous_2)
DA:3,1
DA:6,1
DA:7,1
DA:9,1
DA:10,1
DA:11,1
DA:12,1
DA:15,0
DA:18,1
DA:22,1
DA:24,1
DA:25,2
DA:26,2
LF:13
LH:12
BRDA:7,0,0,0
BRDA:11,1,0,1
BRF:2
BRH:1
end_of_record
TN:
SF:src/services/WorldChampionService.ts
FN:6,fetchWorldChampion
FN:23,mapToWorldChampion
FNF:2
FNH:2
FNDA:1,fetchWorldChampion
FNDA:1,mapToWorldChampion
DA:6,1
DA:9,1
DA:10,1
DA:11,0
DA:13,1
DA:14,1
DA:15,1
DA:16,1
DA:20,0
DA:23,1
DA:26,1
DA:27,1
DA:28,1
LF:13
LH:11
BRDA:10,0,0,0
BRDA:15,1,0,1
BRF:2
BRH:1
end_of_record
