TN:
SF:src/config/db.ts
FNF:0
FNH:0
DA:1,2
DA:3,2
DA:5,2
LF:3
LH:3
BRF:0
BRH:0
end_of_record
TN:
SF:src/controllers/seasonsController.ts
FN:4,getSeasons
FNF:1
FNH:1
FNDA:2,getSeasons
DA:2,1
DA:4,1
DA:9,2
DA:10,2
DA:13,1
DA:15,1
LF:6
LH:6
BRF:0
BRH:0
end_of_record
TN:
SF:src/controllers/winnersController.ts
FN:4,getWinners
FNF:1
FNH:1
FNDA:3,getWinners
DA:2,1
DA:4,1
DA:9,3
DA:10,3
DA:11,1
DA:12,1
DA:15,2
DA:16,2
DA:20,1
DA:22,1
LF:10
LH:10
BRDA:10,0,0,1
BRF:1
BRH:1
end_of_record
TN:
SF:src/services/RaceChampionService.ts
FN:3,fetchRaceChampions
FN:18,mapToRaceChampions
FN:24,(anonymous_2)
FNF:3
FNH:3
FNDA:1,fetchRaceChampions
FNDA:1,mapToRaceChampions
FNDA:2,(anonymous_2)
DA:3,1
DA:6,1
DA:7,1
DA:9,1
DA:10,1
DA:11,1
DA:12,1
DA:15,0
DA:18,1
DA:22,1
DA:24,1
DA:25,2
DA:26,2
LF:13
LH:12
BRDA:7,0,0,0
BRDA:11,1,0,1
BRF:2
BRH:1
end_of_record
TN:
SF:src/services/WorldChampionService.ts
FN:6,fetchWorldChampion
FN:23,mapToWorldChampion
FNF:2
FNH:2
FNDA:1,fetchWorldChampion
FNDA:1,mapToWorldChampion
DA:6,1
DA:9,1
DA:10,1
DA:11,0
DA:13,1
DA:14,1
DA:15,1
DA:16,1
DA:20,0
DA:23,1
DA:26,1
DA:27,1
DA:28,1
LF:13
LH:11
BRDA:10,0,0,0
BRDA:15,1,0,1
BRF:2
BRH:1
end_of_record
